
 Run on time: 2024-03-22 15:37:31.115025

 Architecture: resnext18-1-21222

 Arguments:
	 root                 : ./
	 seed                 : 0
	 devices              : 0
	 dataset              : STL10
	 im_size              : 128
	 batch_size           : 8
	 architecture         : resnext18-1-21222
	 pretrained           : 
	 epochs               : 300
	 learning_rate        : 0.001
	 lr_interval          : 0.6 0.8 0.9
	 lr_reduce            : 5
	 optimizer            : Adam
	 log                  : True
	 test_only            : False
	 dont_save            : False

 Model: DataParallel(
  (module): Network(
    (net): ResNeXt(
      (conv1): Conv2d(3, 64, kernel_size=(7, 7), stride=(1, 1), padding=(3, 3), bias=False)
      (bn1): BatchNorm2d(64, eps=1e-05, momentum=0.1, affine=True, track_running_stats=True)
      (relu): ReLU(inplace=True)
      (maxpool): MaxPool2d(kernel_size=3, stride=2, padding=1, dilation=1, ceil_mode=False)
      (layer1): Sequential(
        (0): BasicBlock(
          (conv1): Conv2d(64, 64, kernel_size=(3, 3), stride=(1, 1), padding=(1, 1), bias=False)
          (bn1): BatchNorm2d(64, eps=1e-05, momentum=0.1, affine=True, track_running_stats=True)
          (relu): ReLU(inplace=True)
          (conv2): Conv2d(64, 64, kernel_size=(3, 3), stride=(1, 1), padding=(1, 1), groups=32, bias=False)
          (bn2): BatchNorm2d(64, eps=1e-05, momentum=0.1, affine=True, track_running_stats=True)
        )
        (1): BasicBlock(
          (conv1): Conv2d(64, 64, kernel_size=(3, 3), stride=(1, 1), padding=(1, 1), bias=False)
          (bn1): BatchNorm2d(64, eps=1e-05, momentum=0.1, affine=True, track_running_stats=True)
          (relu): ReLU(inplace=True)
          (conv2): Conv2d(64, 64, kernel_size=(3, 3), stride=(1, 1), padding=(1, 1), groups=32, bias=False)
          (bn2): BatchNorm2d(64, eps=1e-05, momentum=0.1, affine=True, track_running_stats=True)
        )
      )
      (layer2): Sequential(
        (0): BasicBlock(
          (conv1): Conv2d(64, 128, kernel_size=(3, 3), stride=(2, 2), padding=(1, 1), bias=False)
          (bn1): BatchNorm2d(128, eps=1e-05, momentum=0.1, affine=True, track_running_stats=True)
          (relu): ReLU(inplace=True)
          (conv2): Conv2d(128, 128, kernel_size=(3, 3), stride=(1, 1), padding=(1, 1), groups=32, bias=False)
          (bn2): BatchNorm2d(128, eps=1e-05, momentum=0.1, affine=True, track_running_stats=True)
          (downsample): Sequential(
            (0): Conv2d(64, 128, kernel_size=(1, 1), stride=(2, 2), bias=False)
            (1): BatchNorm2d(128, eps=1e-05, momentum=0.1, affine=True, track_running_stats=True)
          )
        )
        (1): BasicBlock(
          (conv1): Conv2d(128, 128, kernel_size=(3, 3), stride=(1, 1), padding=(1, 1), bias=False)
          (bn1): BatchNorm2d(128, eps=1e-05, momentum=0.1, affine=True, track_running_stats=True)
          (relu): ReLU(inplace=True)
          (conv2): Conv2d(128, 128, kernel_size=(3, 3), stride=(1, 1), padding=(1, 1), groups=32, bias=False)
          (bn2): BatchNorm2d(128, eps=1e-05, momentum=0.1, affine=True, track_running_stats=True)
        )
      )
      (layer3): Sequential(
        (0): BasicBlock(
          (conv1): Conv2d(128, 256, kernel_size=(3, 3), stride=(2, 2), padding=(1, 1), bias=False)
          (bn1): BatchNorm2d(256, eps=1e-05, momentum=0.1, affine=True, track_running_stats=True)
          (relu): ReLU(inplace=True)
          (conv2): Conv2d(256, 256, kernel_size=(3, 3), stride=(1, 1), padding=(1, 1), groups=32, bias=False)
          (bn2): BatchNorm2d(256, eps=1e-05, momentum=0.1, affine=True, track_running_stats=True)
          (downsample): Sequential(
            (0): Conv2d(128, 256, kernel_size=(1, 1), stride=(2, 2), bias=False)
            (1): BatchNorm2d(256, eps=1e-05, momentum=0.1, affine=True, track_running_stats=True)
          )
        )
        (1): BasicBlock(
          (conv1): Conv2d(256, 256, kernel_size=(3, 3), stride=(1, 1), padding=(1, 1), bias=False)
          (bn1): BatchNorm2d(256, eps=1e-05, momentum=0.1, affine=True, track_running_stats=True)
          (relu): ReLU(inplace=True)
          (conv2): Conv2d(256, 256, kernel_size=(3, 3), stride=(1, 1), padding=(1, 1), groups=32, bias=False)
          (bn2): BatchNorm2d(256, eps=1e-05, momentum=0.1, affine=True, track_running_stats=True)
        )
      )
      (layer4): Sequential(
        (0): BasicBlock(
          (conv1): Conv2d(256, 512, kernel_size=(3, 3), stride=(2, 2), padding=(1, 1), bias=False)
          (bn1): BatchNorm2d(512, eps=1e-05, momentum=0.1, affine=True, track_running_stats=True)
          (relu): ReLU(inplace=True)
          (conv2): Conv2d(512, 512, kernel_size=(3, 3), stride=(1, 1), padding=(1, 1), groups=32, bias=False)
          (bn2): BatchNorm2d(512, eps=1e-05, momentum=0.1, affine=True, track_running_stats=True)
          (downsample): Sequential(
            (0): Conv2d(256, 512, kernel_size=(1, 1), stride=(2, 2), bias=False)
            (1): BatchNorm2d(512, eps=1e-05, momentum=0.1, affine=True, track_running_stats=True)
          )
        )
        (1): BasicBlock(
          (conv1): Conv2d(512, 512, kernel_size=(3, 3), stride=(1, 1), padding=(1, 1), bias=False)
          (bn1): BatchNorm2d(512, eps=1e-05, momentum=0.1, affine=True, track_running_stats=True)
          (relu): ReLU(inplace=True)
          (conv2): Conv2d(512, 512, kernel_size=(3, 3), stride=(1, 1), padding=(1, 1), groups=32, bias=False)
          (bn2): BatchNorm2d(512, eps=1e-05, momentum=0.1, affine=True, track_running_stats=True)
        )
      )
      (avgpool): AdaptiveAvgPool2d(output_size=(1, 1))
      (fc): Linear(in_features=512, out_features=10, bias=True)
    )
  )
)

 Optimizer: Adam (
Parameter Group 0
    amsgrad: True
    betas: (0.9, 0.999)
    capturable: False
    differentiable: False
    eps: 1e-08
    foreach: None
    fused: None
    lr: 0.001
    maximize: False
    weight_decay: 0.0
)
 Epoch: 1, lr: 1.0e-03, train_loss: 2.1971, train_acc: 0.1954 test_loss: 1.8432, test_acc: 0.2945, best: 0.2945, time: 0:00:50
 Epoch: 2, lr: 1.0e-03, train_loss: 2.0638, train_acc: 0.2304 test_loss: 1.8135, test_acc: 0.3039, best: 0.3039, time: 0:00:42
 Epoch: 3, lr: 1.0e-03, train_loss: 1.9892, train_acc: 0.2734 test_loss: 1.8392, test_acc: 0.2811, best: 0.3039, time: 0:00:47
 Epoch: 4, lr: 1.0e-03, train_loss: 1.9356, train_acc: 0.2920 test_loss: 1.6266, test_acc: 0.3826, best: 0.3826, time: 0:00:45
 Epoch: 5, lr: 1.0e-03, train_loss: 1.8997, train_acc: 0.3268 test_loss: 1.6460, test_acc: 0.3700, best: 0.3826, time: 0:00:42
 Epoch: 6, lr: 1.0e-03, train_loss: 1.8524, train_acc: 0.3524 test_loss: 1.4195, test_acc: 0.4855, best: 0.4855, time: 0:00:46
 Epoch: 7, lr: 1.0e-03, train_loss: 1.8058, train_acc: 0.3796 test_loss: 1.3754, test_acc: 0.4894, best: 0.4894, time: 0:00:38
 Epoch: 8, lr: 1.0e-03, train_loss: 1.7938, train_acc: 0.3786 test_loss: 1.3604, test_acc: 0.5045, best: 0.5045, time: 0:00:46
 Epoch: 9, lr: 1.0e-03, train_loss: 1.7315, train_acc: 0.4056 test_loss: 1.3323, test_acc: 0.5070, best: 0.5070, time: 0:00:38
 Epoch: 10, lr: 1.0e-03, train_loss: 1.7165, train_acc: 0.4102 test_loss: 1.3495, test_acc: 0.5065, best: 0.5070, time: 0:00:46
 Epoch: 11, lr: 1.0e-03, train_loss: 1.6693, train_acc: 0.4458 test_loss: 1.2768, test_acc: 0.5300, best: 0.5300, time: 0:00:39
 Epoch: 12, lr: 1.0e-03, train_loss: 1.6457, train_acc: 0.4598 test_loss: 1.2943, test_acc: 0.5182, best: 0.5300, time: 0:00:47
 Epoch: 13, lr: 1.0e-03, train_loss: 1.6342, train_acc: 0.4568 test_loss: 1.2744, test_acc: 0.5455, best: 0.5455, time: 0:00:42
 Epoch: 14, lr: 1.0e-03, train_loss: 1.6144, train_acc: 0.4776 test_loss: 1.1490, test_acc: 0.5824, best: 0.5824, time: 0:00:43
 Epoch: 15, lr: 1.0e-03, train_loss: 1.5999, train_acc: 0.4660 test_loss: 1.1237, test_acc: 0.6000, best: 0.6000, time: 0:00:42
 Epoch: 16, lr: 1.0e-03, train_loss: 1.5967, train_acc: 0.4866 test_loss: 1.0861, test_acc: 0.6281, best: 0.6281, time: 0:00:42
 Epoch: 17, lr: 1.0e-03, train_loss: 1.5246, train_acc: 0.4998 test_loss: 1.1181, test_acc: 0.5899, best: 0.6281, time: 0:00:45
 Epoch: 18, lr: 1.0e-03, train_loss: 1.5362, train_acc: 0.5084 test_loss: 1.0886, test_acc: 0.6142, best: 0.6281, time: 0:00:41
 Epoch: 19, lr: 1.0e-03, train_loss: 1.4894, train_acc: 0.5236 test_loss: 1.1236, test_acc: 0.6000, best: 0.6281, time: 0:00:47
 Epoch: 20, lr: 1.0e-03, train_loss: 1.4994, train_acc: 0.5210 test_loss: 1.0840, test_acc: 0.6274, best: 0.6281, time: 0:00:41
 Epoch: 21, lr: 1.0e-03, train_loss: 1.4800, train_acc: 0.5312 test_loss: 0.9794, test_acc: 0.6607, best: 0.6607, time: 0:00:46
 Epoch: 22, lr: 1.0e-03, train_loss: 1.4801, train_acc: 0.5420 test_loss: 0.9819, test_acc: 0.6552, best: 0.6607, time: 0:00:51
 Epoch: 23, lr: 1.0e-03, train_loss: 1.4473, train_acc: 0.5438 test_loss: 0.9732, test_acc: 0.6634, best: 0.6634, time: 0:00:43
 Epoch: 24, lr: 1.0e-03, train_loss: 1.4777, train_acc: 0.5404 test_loss: 1.0359, test_acc: 0.6325, best: 0.6634, time: 0:00:45
 Epoch: 25, lr: 1.0e-03, train_loss: 1.4288, train_acc: 0.5606 test_loss: 0.9960, test_acc: 0.6561, best: 0.6634, time: 0:00:41
 Epoch: 26, lr: 1.0e-03, train_loss: 1.4224, train_acc: 0.5636 test_loss: 0.9908, test_acc: 0.6579, best: 0.6634, time: 0:00:49
 Epoch: 27, lr: 1.0e-03, train_loss: 1.4506, train_acc: 0.5592 test_loss: 0.9933, test_acc: 0.6575, best: 0.6634, time: 0:00:43
 Epoch: 28, lr: 1.0e-03, train_loss: 1.4053, train_acc: 0.5658 test_loss: 0.9700, test_acc: 0.6564, best: 0.6634, time: 0:00:44
 Epoch: 29, lr: 1.0e-03, train_loss: 1.3721, train_acc: 0.5790 test_loss: 0.9732, test_acc: 0.6650, best: 0.6650, time: 0:00:44
 Epoch: 30, lr: 1.0e-03, train_loss: 1.3599, train_acc: 0.5814 test_loss: 0.8947, test_acc: 0.6955, best: 0.6955, time: 0:00:42
 Epoch: 31, lr: 1.0e-03, train_loss: 1.3608, train_acc: 0.5802 test_loss: 0.9388, test_acc: 0.6816, best: 0.6955, time: 0:00:46
 Epoch: 32, lr: 1.0e-03, train_loss: 1.3557, train_acc: 0.5950 test_loss: 0.9238, test_acc: 0.6797, best: 0.6955, time: 0:00:42
 Epoch: 33, lr: 1.0e-03, train_loss: 1.3639, train_acc: 0.6024 test_loss: 0.8440, test_acc: 0.7164, best: 0.7164, time: 0:00:49
 Epoch: 34, lr: 1.0e-03, train_loss: 1.3255, train_acc: 0.6030 test_loss: 0.8541, test_acc: 0.7096, best: 0.7164, time: 0:00:41
 Epoch: 35, lr: 1.0e-03, train_loss: 1.3253, train_acc: 0.5966 test_loss: 0.8436, test_acc: 0.7202, best: 0.7202, time: 0:00:47
 Epoch: 36, lr: 1.0e-03, train_loss: 1.3173, train_acc: 0.5930 test_loss: 0.8199, test_acc: 0.7167, best: 0.7202, time: 0:00:45
 Epoch: 37, lr: 1.0e-03, train_loss: 1.3109, train_acc: 0.6134 test_loss: 0.8369, test_acc: 0.7140, best: 0.7202, time: 0:00:43
 Epoch: 38, lr: 1.0e-03, train_loss: 1.3196, train_acc: 0.6062 test_loss: 0.9239, test_acc: 0.6841, best: 0.7202, time: 0:00:46
 Epoch: 39, lr: 1.0e-03, train_loss: 1.2887, train_acc: 0.6174 test_loss: 0.8104, test_acc: 0.7291, best: 0.7291, time: 0:00:41
 Epoch: 40, lr: 1.0e-03, train_loss: 1.2983, train_acc: 0.6124 test_loss: 0.8431, test_acc: 0.7136, best: 0.7291, time: 0:00:48
 Epoch: 41, lr: 1.0e-03, train_loss: 1.2724, train_acc: 0.6260 test_loss: 0.7956, test_acc: 0.7272, best: 0.7291, time: 0:00:40
 Epoch: 42, lr: 1.0e-03, train_loss: 1.2596, train_acc: 0.6338 test_loss: 0.7453, test_acc: 0.7446, best: 0.7446, time: 0:00:46
 Epoch: 43, lr: 1.0e-03, train_loss: 1.2414, train_acc: 0.6338 test_loss: 0.8766, test_acc: 0.6960, best: 0.7446, time: 0:00:49
 Epoch: 44, lr: 1.0e-03, train_loss: 1.2706, train_acc: 0.6308 test_loss: 0.8539, test_acc: 0.7135, best: 0.7446, time: 0:00:42
 Epoch: 45, lr: 1.0e-03, train_loss: 1.2632, train_acc: 0.6332 test_loss: 0.7752, test_acc: 0.7395, best: 0.7446, time: 0:00:48
 Epoch: 46, lr: 1.0e-03, train_loss: 1.2410, train_acc: 0.6402 test_loss: 0.8432, test_acc: 0.7064, best: 0.7446, time: 0:00:41
 Epoch: 47, lr: 1.0e-03, train_loss: 1.2508, train_acc: 0.6418 test_loss: 0.7942, test_acc: 0.7292, best: 0.7446, time: 0:00:49
 Epoch: 48, lr: 1.0e-03, train_loss: 1.2118, train_acc: 0.6562 test_loss: 0.7768, test_acc: 0.7365, best: 0.7446, time: 0:00:45
 Epoch: 49, lr: 1.0e-03, train_loss: 1.2176, train_acc: 0.6520 test_loss: 0.7645, test_acc: 0.7398, best: 0.7446, time: 0:00:44
 Epoch: 50, lr: 1.0e-03, train_loss: 1.2345, train_acc: 0.6410 test_loss: 0.7806, test_acc: 0.7438, best: 0.7446, time: 0:00:47
 Epoch: 51, lr: 1.0e-03, train_loss: 1.1900, train_acc: 0.6652 test_loss: 0.7546, test_acc: 0.7458, best: 0.7458, time: 0:00:44
 Epoch: 52, lr: 1.0e-03, train_loss: 1.2046, train_acc: 0.6632 test_loss: 0.7018, test_acc: 0.7629, best: 0.7629, time: 0:00:47
 Epoch: 53, lr: 1.0e-03, train_loss: 1.1760, train_acc: 0.6798 test_loss: 0.7997, test_acc: 0.7352, best: 0.7629, time: 0:00:43
 Epoch: 54, lr: 1.0e-03, train_loss: 1.1873, train_acc: 0.6620 test_loss: 0.7652, test_acc: 0.7408, best: 0.7629, time: 0:00:46
 Epoch: 55, lr: 1.0e-03, train_loss: 1.1540, train_acc: 0.6738 test_loss: 0.7526, test_acc: 0.7509, best: 0.7629, time: 0:00:40
 Epoch: 56, lr: 1.0e-03, train_loss: 1.2033, train_acc: 0.6748 test_loss: 0.7037, test_acc: 0.7784, best: 0.7784, time: 0:00:46
 Epoch: 57, lr: 1.0e-03, train_loss: 1.1818, train_acc: 0.6788 test_loss: 0.7329, test_acc: 0.7596, best: 0.7784, time: 0:00:45
 Epoch: 58, lr: 1.0e-03, train_loss: 1.1802, train_acc: 0.6686 test_loss: 0.7425, test_acc: 0.7551, best: 0.7784, time: 0:00:43
 Epoch: 59, lr: 1.0e-03, train_loss: 1.1497, train_acc: 0.6840 test_loss: 0.8213, test_acc: 0.7246, best: 0.7784, time: 0:00:49
 Epoch: 60, lr: 1.0e-03, train_loss: 1.1386, train_acc: 0.6944 test_loss: 0.6862, test_acc: 0.7701, best: 0.7784, time: 0:00:45
 Epoch: 61, lr: 1.0e-03, train_loss: 1.1479, train_acc: 0.6840 test_loss: 0.7068, test_acc: 0.7652, best: 0.7784, time: 0:00:48
 Epoch: 62, lr: 1.0e-03, train_loss: 1.1465, train_acc: 0.6918 test_loss: 0.7055, test_acc: 0.7665, best: 0.7784, time: 0:00:47
 Epoch: 63, lr: 1.0e-03, train_loss: 1.1439, train_acc: 0.6904 test_loss: 0.6697, test_acc: 0.7789, best: 0.7789, time: 0:00:45
 Epoch: 64, lr: 1.0e-03, train_loss: 1.1233, train_acc: 0.6994 test_loss: 0.7427, test_acc: 0.7514, best: 0.7789, time: 0:00:46
 Epoch: 65, lr: 1.0e-03, train_loss: 1.1175, train_acc: 0.6958 test_loss: 0.6780, test_acc: 0.7740, best: 0.7789, time: 0:00:44
 Epoch: 66, lr: 1.0e-03, train_loss: 1.1261, train_acc: 0.6924 test_loss: 0.7234, test_acc: 0.7568, best: 0.7789, time: 0:00:48
 Epoch: 67, lr: 1.0e-03, train_loss: 1.1029, train_acc: 0.6990 test_loss: 0.7220, test_acc: 0.7610, best: 0.7789, time: 0:00:41
 Epoch: 68, lr: 1.0e-03, train_loss: 1.1020, train_acc: 0.7052 test_loss: 0.7220, test_acc: 0.7685, best: 0.7789, time: 0:00:46
 Epoch: 69, lr: 1.0e-03, train_loss: 1.1272, train_acc: 0.6908 test_loss: 0.7320, test_acc: 0.7598, best: 0.7789, time: 0:00:43
 Epoch: 70, lr: 1.0e-03, train_loss: 1.1131, train_acc: 0.7054 test_loss: 0.7267, test_acc: 0.7635, best: 0.7789, time: 0:00:46
 Epoch: 71, lr: 1.0e-03, train_loss: 1.0674, train_acc: 0.7156 test_loss: 0.6393, test_acc: 0.7916, best: 0.7916, time: 0:00:44
 Epoch: 72, lr: 1.0e-03, train_loss: 1.0817, train_acc: 0.7132 test_loss: 0.6354, test_acc: 0.7944, best: 0.7944, time: 0:00:43
 Epoch: 73, lr: 1.0e-03, train_loss: 1.0824, train_acc: 0.7238 test_loss: 0.6595, test_acc: 0.7897, best: 0.7944, time: 0:00:47
 Epoch: 74, lr: 1.0e-03, train_loss: 1.1102, train_acc: 0.7082 test_loss: 0.6764, test_acc: 0.7835, best: 0.7944, time: 0:00:41
 Epoch: 75, lr: 1.0e-03, train_loss: 1.0796, train_acc: 0.7106 test_loss: 0.6544, test_acc: 0.7925, best: 0.7944, time: 0:00:48
 Epoch: 76, lr: 1.0e-03, train_loss: 1.0666, train_acc: 0.7140 test_loss: 0.6381, test_acc: 0.7950, best: 0.7950, time: 0:00:42
 Epoch: 77, lr: 1.0e-03, train_loss: 1.0970, train_acc: 0.7176 test_loss: 0.7142, test_acc: 0.7686, best: 0.7950, time: 0:00:42
 Epoch: 78, lr: 1.0e-03, train_loss: 1.0710, train_acc: 0.7164 test_loss: 0.6293, test_acc: 0.7904, best: 0.7950, time: 0:00:46
 Epoch: 79, lr: 1.0e-03, train_loss: 1.0122, train_acc: 0.7344 test_loss: 0.6824, test_acc: 0.7771, best: 0.7950, time: 0:00:39
 Epoch: 80, lr: 1.0e-03, train_loss: 1.0654, train_acc: 0.7248 test_loss: 0.6494, test_acc: 0.7946, best: 0.7950, time: 0:00:47
 Epoch: 81, lr: 1.0e-03, train_loss: 1.0425, train_acc: 0.7390 test_loss: 0.6313, test_acc: 0.7987, best: 0.7987, time: 0:00:40
 Epoch: 82, lr: 1.0e-03, train_loss: 1.0501, train_acc: 0.7348 test_loss: 0.6402, test_acc: 0.7930, best: 0.7987, time: 0:00:45
 Epoch: 83, lr: 1.0e-03, train_loss: 1.0555, train_acc: 0.7386 test_loss: 0.6736, test_acc: 0.7821, best: 0.7987, time: 0:00:43
 Epoch: 84, lr: 1.0e-03, train_loss: 1.0004, train_acc: 0.7544 test_loss: 0.6537, test_acc: 0.7904, best: 0.7987, time: 0:00:45
 Epoch: 85, lr: 1.0e-03, train_loss: 1.0379, train_acc: 0.7290 test_loss: 0.6298, test_acc: 0.7959, best: 0.7987, time: 0:00:46
 Epoch: 86, lr: 1.0e-03, train_loss: 1.0345, train_acc: 0.7412 test_loss: 0.7235, test_acc: 0.7726, best: 0.7987, time: 0:00:41
 Epoch: 87, lr: 1.0e-03, train_loss: 1.0384, train_acc: 0.7312 test_loss: 0.6079, test_acc: 0.8097, best: 0.8097, time: 0:00:48
 Epoch: 88, lr: 1.0e-03, train_loss: 1.0460, train_acc: 0.7404 test_loss: 0.6482, test_acc: 0.7960, best: 0.8097, time: 0:00:40
 Epoch: 89, lr: 1.0e-03, train_loss: 1.0134, train_acc: 0.7444 test_loss: 0.6312, test_acc: 0.7951, best: 0.8097, time: 0:00:47
 Epoch: 90, lr: 1.0e-03, train_loss: 1.0105, train_acc: 0.7410 test_loss: 0.6324, test_acc: 0.7969, best: 0.8097, time: 0:00:42
 Epoch: 91, lr: 1.0e-03, train_loss: 1.0542, train_acc: 0.7318 test_loss: 0.6103, test_acc: 0.8031, best: 0.8097, time: 0:00:42
 Epoch: 92, lr: 1.0e-03, train_loss: 0.9637, train_acc: 0.7590 test_loss: 0.6426, test_acc: 0.7996, best: 0.8097, time: 0:00:44
 Epoch: 93, lr: 1.0e-03, train_loss: 1.0077, train_acc: 0.7432 test_loss: 0.6450, test_acc: 0.7961, best: 0.8097, time: 0:00:42
 Epoch: 94, lr: 1.0e-03, train_loss: 1.0112, train_acc: 0.7450 test_loss: 0.6325, test_acc: 0.7924, best: 0.8097, time: 0:00:45
 Epoch: 95, lr: 1.0e-03, train_loss: 1.0276, train_acc: 0.7460 test_loss: 0.6422, test_acc: 0.8005, best: 0.8097, time: 0:00:41
 Epoch: 96, lr: 1.0e-03, train_loss: 1.0100, train_acc: 0.7540 test_loss: 0.6707, test_acc: 0.7894, best: 0.8097, time: 0:00:48
 Epoch: 97, lr: 1.0e-03, train_loss: 1.0105, train_acc: 0.7510 test_loss: 0.6051, test_acc: 0.8096, best: 0.8097, time: 0:00:40
 Epoch: 98, lr: 1.0e-03, train_loss: 0.9503, train_acc: 0.7648 test_loss: 0.6339, test_acc: 0.7851, best: 0.8097, time: 0:00:45
 Epoch: 99, lr: 1.0e-03, train_loss: 1.0475, train_acc: 0.7320 test_loss: 0.6367, test_acc: 0.7986, best: 0.8097, time: 0:00:42
 Epoch: 100, lr: 1.0e-03, train_loss: 0.9574, train_acc: 0.7648 test_loss: 0.5933, test_acc: 0.8079, best: 0.8097, time: 0:00:42
 Epoch: 101, lr: 1.0e-03, train_loss: 1.0009, train_acc: 0.7520 test_loss: 0.6704, test_acc: 0.7873, best: 0.8097, time: 0:00:47
 Epoch: 102, lr: 1.0e-03, train_loss: 0.9964, train_acc: 0.7564 test_loss: 0.6716, test_acc: 0.7923, best: 0.8097, time: 0:00:40
 Epoch: 103, lr: 1.0e-03, train_loss: 0.9514, train_acc: 0.7666 test_loss: 0.6262, test_acc: 0.7967, best: 0.8097, time: 0:00:46
 Epoch: 104, lr: 1.0e-03, train_loss: 0.9933, train_acc: 0.7638 test_loss: 0.6750, test_acc: 0.7926, best: 0.8097, time: 0:00:40
 Epoch: 105, lr: 1.0e-03, train_loss: 0.9652, train_acc: 0.7690 test_loss: 0.5958, test_acc: 0.8045, best: 0.8097, time: 0:00:45
 Epoch: 106, lr: 1.0e-03, train_loss: 0.9555, train_acc: 0.7710 test_loss: 0.6121, test_acc: 0.8023, best: 0.8097, time: 0:00:41
 Epoch: 107, lr: 1.0e-03, train_loss: 0.9900, train_acc: 0.7656 test_loss: 0.6676, test_acc: 0.7921, best: 0.8097, time: 0:00:48
 Epoch: 108, lr: 1.0e-03, train_loss: 0.9635, train_acc: 0.7550 test_loss: 0.5798, test_acc: 0.8224, best: 0.8224, time: 0:00:44
 Epoch: 109, lr: 1.0e-03, train_loss: 0.9436, train_acc: 0.7628 test_loss: 0.6576, test_acc: 0.7964, best: 0.8224, time: 0:00:43
 Epoch: 110, lr: 1.0e-03, train_loss: 0.9519, train_acc: 0.7742 test_loss: 0.6252, test_acc: 0.8051, best: 0.8224, time: 0:00:44
 Epoch: 111, lr: 1.0e-03, train_loss: 0.9181, train_acc: 0.7740 test_loss: 0.6109, test_acc: 0.8069, best: 0.8224, time: 0:00:40
 Epoch: 112, lr: 1.0e-03, train_loss: 0.9599, train_acc: 0.7666 test_loss: 0.7665, test_acc: 0.7684, best: 0.8224, time: 0:00:47
 Epoch: 113, lr: 1.0e-03, train_loss: 0.9579, train_acc: 0.7704 test_loss: 0.5938, test_acc: 0.8084, best: 0.8224, time: 0:00:42
 Epoch: 114, lr: 1.0e-03, train_loss: 0.9375, train_acc: 0.7758 test_loss: 0.6247, test_acc: 0.8055, best: 0.8224, time: 0:00:45
 Epoch: 115, lr: 1.0e-03, train_loss: 0.9387, train_acc: 0.7742 test_loss: 0.6589, test_acc: 0.7951, best: 0.8224, time: 0:00:44
 Epoch: 116, lr: 1.0e-03, train_loss: 0.9314, train_acc: 0.7770 test_loss: 0.5807, test_acc: 0.8131, best: 0.8224, time: 0:00:41
 Epoch: 117, lr: 1.0e-03, train_loss: 0.9297, train_acc: 0.7730 test_loss: 0.6181, test_acc: 0.8011, best: 0.8224, time: 0:00:43
 Epoch: 118, lr: 1.0e-03, train_loss: 0.9073, train_acc: 0.7798 test_loss: 0.6498, test_acc: 0.7950, best: 0.8224, time: 0:00:39
 Epoch: 119, lr: 1.0e-03, train_loss: 0.9517, train_acc: 0.7722 test_loss: 0.6429, test_acc: 0.7991, best: 0.8224, time: 0:00:47
 Epoch: 120, lr: 1.0e-03, train_loss: 0.9189, train_acc: 0.7790 test_loss: 0.5710, test_acc: 0.8139, best: 0.8224, time: 0:00:42
 Epoch: 121, lr: 1.0e-03, train_loss: 0.9297, train_acc: 0.7878 test_loss: 0.6535, test_acc: 0.7933, best: 0.8224, time: 0:00:46
 Epoch: 122, lr: 1.0e-03, train_loss: 0.9108, train_acc: 0.7880 test_loss: 0.6407, test_acc: 0.7940, best: 0.8224, time: 0:00:43
 Epoch: 123, lr: 1.0e-03, train_loss: 0.9102, train_acc: 0.7906 test_loss: 0.5848, test_acc: 0.8186, best: 0.8224, time: 0:00:44
 Epoch: 124, lr: 1.0e-03, train_loss: 0.9213, train_acc: 0.7818 test_loss: 0.6408, test_acc: 0.7993, best: 0.8224, time: 0:00:44
 Epoch: 125, lr: 1.0e-03, train_loss: 0.8969, train_acc: 0.7910 test_loss: 0.6035, test_acc: 0.8063, best: 0.8224, time: 0:00:40
 Epoch: 126, lr: 1.0e-03, train_loss: 0.9294, train_acc: 0.7752 test_loss: 0.6044, test_acc: 0.8111, best: 0.8224, time: 0:00:48
 Epoch: 127, lr: 1.0e-03, train_loss: 0.9044, train_acc: 0.7852 test_loss: 0.6477, test_acc: 0.8050, best: 0.8224, time: 0:00:42
 Epoch: 128, lr: 1.0e-03, train_loss: 0.9285, train_acc: 0.7824 test_loss: 0.6726, test_acc: 0.7923, best: 0.8224, time: 0:00:49
 Epoch: 129, lr: 1.0e-03, train_loss: 0.9395, train_acc: 0.7728 test_loss: 0.6463, test_acc: 0.8015, best: 0.8224, time: 0:00:45
 Epoch: 130, lr: 1.0e-03, train_loss: 0.9118, train_acc: 0.7868 test_loss: 0.6346, test_acc: 0.7970, best: 0.8224, time: 0:00:44
 Epoch: 131, lr: 1.0e-03, train_loss: 0.9070, train_acc: 0.7880 test_loss: 0.6503, test_acc: 0.7919, best: 0.8224, time: 0:00:49
 Epoch: 132, lr: 1.0e-03, train_loss: 0.8871, train_acc: 0.8004 test_loss: 0.6634, test_acc: 0.7994, best: 0.8224, time: 0:00:39
 Epoch: 133, lr: 1.0e-03, train_loss: 0.9045, train_acc: 0.7824 test_loss: 0.6076, test_acc: 0.8205, best: 0.8224, time: 0:00:48
 Epoch: 134, lr: 1.0e-03, train_loss: 0.9204, train_acc: 0.7870 test_loss: 0.6063, test_acc: 0.8183, best: 0.8224, time: 0:00:41
 Epoch: 135, lr: 1.0e-03, train_loss: 0.8907, train_acc: 0.8026 test_loss: 0.6031, test_acc: 0.8151, best: 0.8224, time: 0:00:44
 Epoch: 136, lr: 1.0e-03, train_loss: 0.9027, train_acc: 0.7950 test_loss: 0.6142, test_acc: 0.8156, best: 0.8224, time: 0:00:42
 Epoch: 137, lr: 1.0e-03, train_loss: 0.9028, train_acc: 0.7912 test_loss: 0.6245, test_acc: 0.8094, best: 0.8224, time: 0:00:41
 Epoch: 138, lr: 1.0e-03, train_loss: 0.9023, train_acc: 0.7892 test_loss: 0.6151, test_acc: 0.8156, best: 0.8224, time: 0:00:47
 Epoch: 139, lr: 1.0e-03, train_loss: 0.9160, train_acc: 0.7752 test_loss: 0.6180, test_acc: 0.8117, best: 0.8224, time: 0:00:41
 Epoch: 140, lr: 1.0e-03, train_loss: 0.9138, train_acc: 0.7852 test_loss: 0.5935, test_acc: 0.8144, best: 0.8224, time: 0:00:49
 Epoch: 141, lr: 1.0e-03, train_loss: 0.9156, train_acc: 0.7868 test_loss: 0.5845, test_acc: 0.8205, best: 0.8224, time: 0:00:42
 Epoch: 142, lr: 1.0e-03, train_loss: 0.8993, train_acc: 0.7868 test_loss: 0.6085, test_acc: 0.8129, best: 0.8224, time: 0:00:44
 Epoch: 143, lr: 1.0e-03, train_loss: 0.8735, train_acc: 0.7972 test_loss: 0.5656, test_acc: 0.8221, best: 0.8224, time: 0:00:46
 Epoch: 144, lr: 1.0e-03, train_loss: 0.9142, train_acc: 0.7884 test_loss: 0.6030, test_acc: 0.8096, best: 0.8224, time: 0:00:44
 Epoch: 145, lr: 1.0e-03, train_loss: 0.8791, train_acc: 0.7996 test_loss: 0.5705, test_acc: 0.8260, best: 0.8260, time: 0:00:47
 Epoch: 146, lr: 1.0e-03, train_loss: 0.8863, train_acc: 0.8004 test_loss: 0.5954, test_acc: 0.8086, best: 0.8260, time: 0:00:40
 Epoch: 147, lr: 1.0e-03, train_loss: 0.8560, train_acc: 0.7962 test_loss: 0.6261, test_acc: 0.8057, best: 0.8260, time: 0:00:45
 Epoch: 148, lr: 1.0e-03, train_loss: 0.8822, train_acc: 0.8006 test_loss: 0.5751, test_acc: 0.8169, best: 0.8260, time: 0:00:41
 Epoch: 149, lr: 1.0e-03, train_loss: 0.8752, train_acc: 0.8040 test_loss: 0.5804, test_acc: 0.8221, best: 0.8260, time: 0:00:46
 Epoch: 150, lr: 1.0e-03, train_loss: 0.9023, train_acc: 0.7906 test_loss: 0.5853, test_acc: 0.8143, best: 0.8260, time: 0:00:43
 Epoch: 151, lr: 1.0e-03, train_loss: 0.9134, train_acc: 0.7876 test_loss: 0.5824, test_acc: 0.8153, best: 0.8260, time: 0:00:42
 Epoch: 152, lr: 1.0e-03, train_loss: 0.8759, train_acc: 0.8012 test_loss: 0.5677, test_acc: 0.8190, best: 0.8260, time: 0:00:46
 Epoch: 153, lr: 1.0e-03, train_loss: 0.9460, train_acc: 0.7874 test_loss: 0.6059, test_acc: 0.8124, best: 0.8260, time: 0:00:42
 Epoch: 154, lr: 1.0e-03, train_loss: 0.8723, train_acc: 0.7916 test_loss: 0.6070, test_acc: 0.8065, best: 0.8260, time: 0:00:46
 Epoch: 155, lr: 1.0e-03, train_loss: 0.8775, train_acc: 0.8046 test_loss: 0.6114, test_acc: 0.8130, best: 0.8260, time: 0:00:44
 Epoch: 156, lr: 1.0e-03, train_loss: 0.8495, train_acc: 0.8028 test_loss: 0.5947, test_acc: 0.8203, best: 0.8260, time: 0:00:45
 Epoch: 157, lr: 1.0e-03, train_loss: 0.8648, train_acc: 0.8084 test_loss: 0.6304, test_acc: 0.8135, best: 0.8260, time: 0:00:44
 Epoch: 158, lr: 1.0e-03, train_loss: 0.8693, train_acc: 0.8066 test_loss: 0.6422, test_acc: 0.8170, best: 0.8260, time: 0:00:42
 Epoch: 159, lr: 1.0e-03, train_loss: 0.8597, train_acc: 0.8042 test_loss: 0.5920, test_acc: 0.8136, best: 0.8260, time: 0:00:46
 Epoch: 160, lr: 1.0e-03, train_loss: 0.8708, train_acc: 0.8032 test_loss: 0.5871, test_acc: 0.8179, best: 0.8260, time: 0:00:39
 Epoch: 161, lr: 1.0e-03, train_loss: 0.8852, train_acc: 0.7930 test_loss: 0.6166, test_acc: 0.8063, best: 0.8260, time: 0:00:45
 Epoch: 162, lr: 1.0e-03, train_loss: 0.8776, train_acc: 0.7952 test_loss: 0.5772, test_acc: 0.8234, best: 0.8260, time: 0:00:43
 Epoch: 163, lr: 1.0e-03, train_loss: 0.8715, train_acc: 0.7998 test_loss: 0.5794, test_acc: 0.8203, best: 0.8260, time: 0:00:47
 Epoch: 164, lr: 1.0e-03, train_loss: 0.8434, train_acc: 0.8070 test_loss: 0.6016, test_acc: 0.8175, best: 0.8260, time: 0:00:42
 Epoch: 165, lr: 1.0e-03, train_loss: 0.8543, train_acc: 0.8048 test_loss: 0.6212, test_acc: 0.8076, best: 0.8260, time: 0:00:44
 Epoch: 166, lr: 1.0e-03, train_loss: 0.8740, train_acc: 0.8040 test_loss: 0.5997, test_acc: 0.8161, best: 0.8260, time: 0:00:45
 Epoch: 167, lr: 1.0e-03, train_loss: 0.8537, train_acc: 0.8028 test_loss: 0.6322, test_acc: 0.8101, best: 0.8260, time: 0:00:41
 Epoch: 168, lr: 1.0e-03, train_loss: 0.8428, train_acc: 0.8158 test_loss: 0.5776, test_acc: 0.8195, best: 0.8260, time: 0:00:46
 Epoch: 169, lr: 1.0e-03, train_loss: 0.8555, train_acc: 0.8064 test_loss: 0.6435, test_acc: 0.8086, best: 0.8260, time: 0:00:41
 Epoch: 170, lr: 1.0e-03, train_loss: 0.8428, train_acc: 0.8118 test_loss: 0.5726, test_acc: 0.8249, best: 0.8260, time: 0:00:47
 Epoch: 171, lr: 1.0e-03, train_loss: 0.8513, train_acc: 0.7978 test_loss: 0.6374, test_acc: 0.8159, best: 0.8260, time: 0:00:38
 Epoch: 172, lr: 1.0e-03, train_loss: 0.8026, train_acc: 0.8192 test_loss: 0.6118, test_acc: 0.8066, best: 0.8260, time: 0:00:47
 Epoch: 173, lr: 1.0e-03, train_loss: 0.8453, train_acc: 0.8118 test_loss: 0.5634, test_acc: 0.8263, best: 0.8263, time: 0:00:44
 Epoch: 174, lr: 1.0e-03, train_loss: 0.8271, train_acc: 0.8138 test_loss: 0.6246, test_acc: 0.8121, best: 0.8263, time: 0:00:43
 Epoch: 175, lr: 1.0e-03, train_loss: 0.8464, train_acc: 0.8046 test_loss: 0.6064, test_acc: 0.8177, best: 0.8263, time: 0:00:44
 Epoch: 176, lr: 1.0e-03, train_loss: 0.8493, train_acc: 0.8068 test_loss: 0.6077, test_acc: 0.8137, best: 0.8263, time: 0:00:44
 Epoch: 177, lr: 1.0e-03, train_loss: 0.8256, train_acc: 0.8198 test_loss: 0.6469, test_acc: 0.7999, best: 0.8263, time: 0:00:47
 Epoch: 178, lr: 1.0e-03, train_loss: 0.8477, train_acc: 0.8040 test_loss: 0.5685, test_acc: 0.8303, best: 0.8303, time: 0:00:44
 Epoch: 179, lr: 1.0e-03, train_loss: 0.8469, train_acc: 0.8146 test_loss: 0.5820, test_acc: 0.8211, best: 0.8303, time: 0:00:46
 Epoch: 180, lr: 2.0e-04, train_loss: 0.8412, train_acc: 0.8134 test_loss: 0.5736, test_acc: 0.8325, best: 0.8325, time: 0:00:42
 Epoch: 181, lr: 2.0e-04, train_loss: 0.8080, train_acc: 0.8316 test_loss: 0.5379, test_acc: 0.8376, best: 0.8376, time: 0:00:43
 Epoch: 182, lr: 2.0e-04, train_loss: 0.8126, train_acc: 0.8288 test_loss: 0.5408, test_acc: 0.8403, best: 0.8403, time: 0:00:46
 Epoch: 183, lr: 2.0e-04, train_loss: 0.7790, train_acc: 0.8418 test_loss: 0.5438, test_acc: 0.8390, best: 0.8403, time: 0:00:40
 Epoch: 184, lr: 2.0e-04, train_loss: 0.7827, train_acc: 0.8326 test_loss: 0.5352, test_acc: 0.8364, best: 0.8403, time: 0:00:44
 Epoch: 185, lr: 2.0e-04, train_loss: 0.7699, train_acc: 0.8408 test_loss: 0.5518, test_acc: 0.8310, best: 0.8403, time: 0:00:45
 Epoch: 186, lr: 2.0e-04, train_loss: 0.7914, train_acc: 0.8364 test_loss: 0.5496, test_acc: 0.8383, best: 0.8403, time: 0:00:43
 Epoch: 187, lr: 2.0e-04, train_loss: 0.7708, train_acc: 0.8398 test_loss: 0.5876, test_acc: 0.8324, best: 0.8403, time: 0:00:43
 Epoch: 188, lr: 2.0e-04, train_loss: 0.7880, train_acc: 0.8294 test_loss: 0.5887, test_acc: 0.8336, best: 0.8403, time: 0:00:45
 Epoch: 189, lr: 2.0e-04, train_loss: 0.8286, train_acc: 0.8212 test_loss: 0.6390, test_acc: 0.8333, best: 0.8403, time: 0:00:41
 Epoch: 190, lr: 2.0e-04, train_loss: 0.8128, train_acc: 0.8238 test_loss: 0.5787, test_acc: 0.8390, best: 0.8403, time: 0:00:42
 Epoch: 191, lr: 2.0e-04, train_loss: 0.7985, train_acc: 0.8378 test_loss: 0.5436, test_acc: 0.8465, best: 0.8465, time: 0:00:41
 Epoch: 192, lr: 2.0e-04, train_loss: 0.7928, train_acc: 0.8314 test_loss: 0.5335, test_acc: 0.8410, best: 0.8465, time: 0:00:40
 Epoch: 193, lr: 2.0e-04, train_loss: 0.7753, train_acc: 0.8420 test_loss: 0.5413, test_acc: 0.8435, best: 0.8465, time: 0:00:45
 Epoch: 194, lr: 2.0e-04, train_loss: 0.7890, train_acc: 0.8356 test_loss: 0.5400, test_acc: 0.8406, best: 0.8465, time: 0:00:45
 Epoch: 195, lr: 2.0e-04, train_loss: 0.7822, train_acc: 0.8340 test_loss: 0.5634, test_acc: 0.8385, best: 0.8465, time: 0:00:43
 Epoch: 196, lr: 2.0e-04, train_loss: 0.7763, train_acc: 0.8324 test_loss: 0.5826, test_acc: 0.8330, best: 0.8465, time: 0:00:42
 Epoch: 197, lr: 2.0e-04, train_loss: 0.7760, train_acc: 0.8442 test_loss: 0.5543, test_acc: 0.8360, best: 0.8465, time: 0:00:45
 Epoch: 198, lr: 2.0e-04, train_loss: 0.7479, train_acc: 0.8434 test_loss: 0.5591, test_acc: 0.8321, best: 0.8465, time: 0:00:44
 Epoch: 199, lr: 2.0e-04, train_loss: 0.7937, train_acc: 0.8418 test_loss: 0.5676, test_acc: 0.8367, best: 0.8465, time: 0:00:42
 Epoch: 200, lr: 2.0e-04, train_loss: 0.7884, train_acc: 0.8366 test_loss: 0.5798, test_acc: 0.8364, best: 0.8465, time: 0:00:43
 Epoch: 201, lr: 2.0e-04, train_loss: 0.7413, train_acc: 0.8500 test_loss: 0.5421, test_acc: 0.8406, best: 0.8465, time: 0:00:40
 Epoch: 202, lr: 2.0e-04, train_loss: 0.7395, train_acc: 0.8508 test_loss: 0.5317, test_acc: 0.8377, best: 0.8465, time: 0:00:45
 Epoch: 203, lr: 2.0e-04, train_loss: 0.7477, train_acc: 0.8498 test_loss: 0.5482, test_acc: 0.8371, best: 0.8465, time: 0:00:42
 Epoch: 204, lr: 2.0e-04, train_loss: 0.7545, train_acc: 0.8492 test_loss: 0.5650, test_acc: 0.8354, best: 0.8465, time: 0:00:44
 Epoch: 205, lr: 2.0e-04, train_loss: 0.7602, train_acc: 0.8488 test_loss: 0.6336, test_acc: 0.8307, best: 0.8465, time: 0:00:41
 Epoch: 206, lr: 2.0e-04, train_loss: 0.7694, train_acc: 0.8400 test_loss: 0.5552, test_acc: 0.8403, best: 0.8465, time: 0:00:45
 Epoch: 207, lr: 2.0e-04, train_loss: 0.7702, train_acc: 0.8400 test_loss: 0.5806, test_acc: 0.8330, best: 0.8465, time: 0:00:42
 Epoch: 208, lr: 2.0e-04, train_loss: 0.7794, train_acc: 0.8376 test_loss: 0.5317, test_acc: 0.8404, best: 0.8465, time: 0:00:43
 Epoch: 209, lr: 2.0e-04, train_loss: 0.7355, train_acc: 0.8490 test_loss: 0.5115, test_acc: 0.8430, best: 0.8465, time: 0:00:40
 Epoch: 210, lr: 2.0e-04, train_loss: 0.7497, train_acc: 0.8484 test_loss: 0.5701, test_acc: 0.8301, best: 0.8465, time: 0:00:44
 Epoch: 211, lr: 2.0e-04, train_loss: 0.7948, train_acc: 0.8432 test_loss: 0.5697, test_acc: 0.8380, best: 0.8465, time: 0:00:42
 Epoch: 212, lr: 2.0e-04, train_loss: 0.6775, train_acc: 0.8634 test_loss: 0.5552, test_acc: 0.8353, best: 0.8465, time: 0:00:41
 Epoch: 213, lr: 2.0e-04, train_loss: 0.7667, train_acc: 0.8574 test_loss: 0.5931, test_acc: 0.8393, best: 0.8465, time: 0:00:43
 Epoch: 214, lr: 2.0e-04, train_loss: 0.7320, train_acc: 0.8514 test_loss: 0.5380, test_acc: 0.8395, best: 0.8465, time: 0:00:46
 Epoch: 215, lr: 2.0e-04, train_loss: 0.7678, train_acc: 0.8472 test_loss: 0.5822, test_acc: 0.8343, best: 0.8465, time: 0:00:45
 Epoch: 216, lr: 2.0e-04, train_loss: 0.7750, train_acc: 0.8362 test_loss: 0.5898, test_acc: 0.8347, best: 0.8465, time: 0:00:41
 Epoch: 217, lr: 2.0e-04, train_loss: 0.7432, train_acc: 0.8458 test_loss: 0.5650, test_acc: 0.8366, best: 0.8465, time: 0:00:43
 Epoch: 218, lr: 2.0e-04, train_loss: 0.7672, train_acc: 0.8546 test_loss: 0.5890, test_acc: 0.8356, best: 0.8465, time: 0:00:40
 Epoch: 219, lr: 2.0e-04, train_loss: 0.7016, train_acc: 0.8640 test_loss: 0.5689, test_acc: 0.8349, best: 0.8465, time: 0:00:45
 Epoch: 220, lr: 2.0e-04, train_loss: 0.7397, train_acc: 0.8510 test_loss: 0.5648, test_acc: 0.8393, best: 0.8465, time: 0:00:43
 Epoch: 221, lr: 2.0e-04, train_loss: 0.7482, train_acc: 0.8520 test_loss: 0.5651, test_acc: 0.8385, best: 0.8465, time: 0:00:41
 Epoch: 222, lr: 2.0e-04, train_loss: 0.7543, train_acc: 0.8536 test_loss: 0.5320, test_acc: 0.8440, best: 0.8465, time: 0:00:43
 Epoch: 223, lr: 2.0e-04, train_loss: 0.7610, train_acc: 0.8454 test_loss: 0.6223, test_acc: 0.8293, best: 0.8465, time: 0:00:42
 Epoch: 224, lr: 2.0e-04, train_loss: 0.7512, train_acc: 0.8476 test_loss: 0.6005, test_acc: 0.8265, best: 0.8465, time: 0:00:45
 Epoch: 225, lr: 2.0e-04, train_loss: 0.7779, train_acc: 0.8402 test_loss: 0.5943, test_acc: 0.8361, best: 0.8465, time: 0:00:40
 Epoch: 226, lr: 2.0e-04, train_loss: 0.7543, train_acc: 0.8466 test_loss: 0.5474, test_acc: 0.8384, best: 0.8465, time: 0:00:43
 Epoch: 227, lr: 2.0e-04, train_loss: 0.7363, train_acc: 0.8562 test_loss: 0.5581, test_acc: 0.8390, best: 0.8465, time: 0:00:42
 Epoch: 228, lr: 2.0e-04, train_loss: 0.7490, train_acc: 0.8442 test_loss: 0.6171, test_acc: 0.8350, best: 0.8465, time: 0:00:43
 Epoch: 229, lr: 2.0e-04, train_loss: 0.7051, train_acc: 0.8698 test_loss: 0.5274, test_acc: 0.8476, best: 0.8476, time: 0:00:44
 Epoch: 230, lr: 2.0e-04, train_loss: 0.7666, train_acc: 0.8434 test_loss: 0.5518, test_acc: 0.8369, best: 0.8476, time: 0:00:42
 Epoch: 231, lr: 2.0e-04, train_loss: 0.7206, train_acc: 0.8550 test_loss: 0.6459, test_acc: 0.8266, best: 0.8476, time: 0:00:46
 Epoch: 232, lr: 2.0e-04, train_loss: 0.7367, train_acc: 0.8464 test_loss: 0.5333, test_acc: 0.8414, best: 0.8476, time: 0:00:43
 Epoch: 233, lr: 2.0e-04, train_loss: 0.7530, train_acc: 0.8446 test_loss: 0.5689, test_acc: 0.8361, best: 0.8476, time: 0:00:43
 Epoch: 234, lr: 2.0e-04, train_loss: 0.7514, train_acc: 0.8522 test_loss: 0.5572, test_acc: 0.8431, best: 0.8476, time: 0:00:41
 Epoch: 235, lr: 2.0e-04, train_loss: 0.7434, train_acc: 0.8440 test_loss: 0.5567, test_acc: 0.8421, best: 0.8476, time: 0:00:46
 Epoch: 236, lr: 2.0e-04, train_loss: 0.7531, train_acc: 0.8516 test_loss: 0.5782, test_acc: 0.8406, best: 0.8476, time: 0:00:42
 Epoch: 237, lr: 2.0e-04, train_loss: 0.7181, train_acc: 0.8576 test_loss: 0.5401, test_acc: 0.8441, best: 0.8476, time: 0:00:45
 Epoch: 238, lr: 2.0e-04, train_loss: 0.7376, train_acc: 0.8566 test_loss: 0.5579, test_acc: 0.8411, best: 0.8476, time: 0:00:40
 Epoch: 239, lr: 2.0e-04, train_loss: 0.7473, train_acc: 0.8528 test_loss: 0.5892, test_acc: 0.8426, best: 0.8476, time: 0:00:46
 Epoch: 240, lr: 4.0e-05, train_loss: 0.7104, train_acc: 0.8570 test_loss: 0.5812, test_acc: 0.8367, best: 0.8476, time: 0:00:39
 Epoch: 241, lr: 4.0e-05, train_loss: 0.7724, train_acc: 0.8404 test_loss: 0.5615, test_acc: 0.8413, best: 0.8476, time: 0:00:42
 Epoch: 242, lr: 4.0e-05, train_loss: 0.7425, train_acc: 0.8586 test_loss: 0.5572, test_acc: 0.8416, best: 0.8476, time: 0:00:42
 Epoch: 243, lr: 4.0e-05, train_loss: 0.7475, train_acc: 0.8524 test_loss: 0.5610, test_acc: 0.8387, best: 0.8476, time: 0:00:41
 Epoch: 244, lr: 4.0e-05, train_loss: 0.7258, train_acc: 0.8642 test_loss: 0.5659, test_acc: 0.8387, best: 0.8476, time: 0:00:42
 Epoch: 245, lr: 4.0e-05, train_loss: 0.7331, train_acc: 0.8532 test_loss: 0.5237, test_acc: 0.8464, best: 0.8476, time: 0:00:43
 Epoch: 246, lr: 4.0e-05, train_loss: 0.7253, train_acc: 0.8544 test_loss: 0.5457, test_acc: 0.8451, best: 0.8476, time: 0:00:43
 Epoch: 247, lr: 4.0e-05, train_loss: 0.7684, train_acc: 0.8500 test_loss: 0.5792, test_acc: 0.8399, best: 0.8476, time: 0:00:41
 Epoch: 248, lr: 4.0e-05, train_loss: 0.7284, train_acc: 0.8542 test_loss: 0.5252, test_acc: 0.8433, best: 0.8476, time: 0:00:43
 Epoch: 249, lr: 4.0e-05, train_loss: 0.7377, train_acc: 0.8554 test_loss: 0.5291, test_acc: 0.8446, best: 0.8476, time: 0:00:42
 Epoch: 250, lr: 4.0e-05, train_loss: 0.6986, train_acc: 0.8642 test_loss: 0.5346, test_acc: 0.8436, best: 0.8476, time: 0:00:43
 Epoch: 251, lr: 4.0e-05, train_loss: 0.7062, train_acc: 0.8564 test_loss: 0.5299, test_acc: 0.8481, best: 0.8481, time: 0:00:43
 Epoch: 252, lr: 4.0e-05, train_loss: 0.7643, train_acc: 0.8508 test_loss: 0.5521, test_acc: 0.8465, best: 0.8481, time: 0:00:43
 Epoch: 253, lr: 4.0e-05, train_loss: 0.6909, train_acc: 0.8746 test_loss: 0.5174, test_acc: 0.8468, best: 0.8481, time: 0:00:43
 Epoch: 254, lr: 4.0e-05, train_loss: 0.7463, train_acc: 0.8516 test_loss: 0.5405, test_acc: 0.8459, best: 0.8481, time: 0:00:41
 Epoch: 255, lr: 4.0e-05, train_loss: 0.7221, train_acc: 0.8538 test_loss: 0.5626, test_acc: 0.8426, best: 0.8481, time: 0:00:42
 Epoch: 256, lr: 4.0e-05, train_loss: 0.7666, train_acc: 0.8472 test_loss: 0.5488, test_acc: 0.8440, best: 0.8481, time: 0:00:43
 Epoch: 257, lr: 4.0e-05, train_loss: 0.7586, train_acc: 0.8502 test_loss: 0.5343, test_acc: 0.8480, best: 0.8481, time: 0:00:45
 Epoch: 258, lr: 4.0e-05, train_loss: 0.7480, train_acc: 0.8518 test_loss: 0.5251, test_acc: 0.8505, best: 0.8505, time: 0:00:43
 Epoch: 259, lr: 4.0e-05, train_loss: 0.7340, train_acc: 0.8570 test_loss: 0.5458, test_acc: 0.8442, best: 0.8505, time: 0:00:42
 Epoch: 260, lr: 4.0e-05, train_loss: 0.7074, train_acc: 0.8640 test_loss: 0.5400, test_acc: 0.8464, best: 0.8505, time: 0:00:44
 Epoch: 261, lr: 4.0e-05, train_loss: 0.7777, train_acc: 0.8478 test_loss: 0.5968, test_acc: 0.8369, best: 0.8505, time: 0:00:46
 Epoch: 262, lr: 4.0e-05, train_loss: 0.6839, train_acc: 0.8694 test_loss: 0.5193, test_acc: 0.8511, best: 0.8511, time: 0:00:43
 Epoch: 263, lr: 4.0e-05, train_loss: 0.7632, train_acc: 0.8496 test_loss: 0.5580, test_acc: 0.8435, best: 0.8511, time: 0:00:43
 Epoch: 264, lr: 4.0e-05, train_loss: 0.7669, train_acc: 0.8486 test_loss: 0.5881, test_acc: 0.8404, best: 0.8511, time: 0:00:41
 Epoch: 265, lr: 4.0e-05, train_loss: 0.7505, train_acc: 0.8520 test_loss: 0.6021, test_acc: 0.8355, best: 0.8511, time: 0:00:43
 Epoch: 266, lr: 4.0e-05, train_loss: 0.7422, train_acc: 0.8486 test_loss: 0.5168, test_acc: 0.8469, best: 0.8511, time: 0:00:43
 Epoch: 267, lr: 4.0e-05, train_loss: 0.7173, train_acc: 0.8638 test_loss: 0.5319, test_acc: 0.8431, best: 0.8511, time: 0:00:46
 Epoch: 268, lr: 4.0e-05, train_loss: 0.7117, train_acc: 0.8500 test_loss: 0.5592, test_acc: 0.8448, best: 0.8511, time: 0:00:42
 Epoch: 269, lr: 4.0e-05, train_loss: 0.6887, train_acc: 0.8644 test_loss: 0.4956, test_acc: 0.8468, best: 0.8511, time: 0:00:45
 Epoch: 270, lr: 8.0e-06, train_loss: 0.7343, train_acc: 0.8462 test_loss: 0.5527, test_acc: 0.8409, best: 0.8511, time: 0:00:43
 Epoch: 271, lr: 8.0e-06, train_loss: 0.7266, train_acc: 0.8546 test_loss: 0.5349, test_acc: 0.8445, best: 0.8511, time: 0:00:44
 Epoch: 272, lr: 8.0e-06, train_loss: 0.7239, train_acc: 0.8616 test_loss: 0.5237, test_acc: 0.8512, best: 0.8512, time: 0:00:41
 Epoch: 273, lr: 8.0e-06, train_loss: 0.7233, train_acc: 0.8582 test_loss: 0.5865, test_acc: 0.8381, best: 0.8512, time: 0:00:41
 Epoch: 274, lr: 8.0e-06, train_loss: 0.6985, train_acc: 0.8634 test_loss: 0.5742, test_acc: 0.8456, best: 0.8512, time: 0:00:44
 Epoch: 275, lr: 8.0e-06, train_loss: 0.7600, train_acc: 0.8536 test_loss: 0.5204, test_acc: 0.8451, best: 0.8512, time: 0:00:40
 Epoch: 276, lr: 8.0e-06, train_loss: 0.8061, train_acc: 0.8404 test_loss: 0.5616, test_acc: 0.8459, best: 0.8512, time: 0:00:45
 Epoch: 277, lr: 8.0e-06, train_loss: 0.7306, train_acc: 0.8568 test_loss: 0.5251, test_acc: 0.8461, best: 0.8512, time: 0:00:42
 Epoch: 278, lr: 8.0e-06, train_loss: 0.7162, train_acc: 0.8578 test_loss: 0.5366, test_acc: 0.8431, best: 0.8512, time: 0:00:44
 Epoch: 279, lr: 8.0e-06, train_loss: 0.7700, train_acc: 0.8510 test_loss: 0.5297, test_acc: 0.8486, best: 0.8512, time: 0:00:43
 Epoch: 280, lr: 8.0e-06, train_loss: 0.6883, train_acc: 0.8724 test_loss: 0.5286, test_acc: 0.8476, best: 0.8512, time: 0:00:44
 Epoch: 281, lr: 8.0e-06, train_loss: 0.7359, train_acc: 0.8542 test_loss: 0.5783, test_acc: 0.8430, best: 0.8512, time: 0:00:42
 Epoch: 282, lr: 8.0e-06, train_loss: 0.7066, train_acc: 0.8632 test_loss: 0.5315, test_acc: 0.8469, best: 0.8512, time: 0:00:44
 Epoch: 283, lr: 8.0e-06, train_loss: 0.7607, train_acc: 0.8414 test_loss: 0.5479, test_acc: 0.8431, best: 0.8512, time: 0:00:45
 Epoch: 284, lr: 8.0e-06, train_loss: 0.7392, train_acc: 0.8506 test_loss: 0.5178, test_acc: 0.8474, best: 0.8512, time: 0:00:39
 Epoch: 285, lr: 8.0e-06, train_loss: 0.7497, train_acc: 0.8520 test_loss: 0.5111, test_acc: 0.8489, best: 0.8512, time: 0:00:44
 Epoch: 286, lr: 8.0e-06, train_loss: 0.7426, train_acc: 0.8506 test_loss: 0.5518, test_acc: 0.8461, best: 0.8512, time: 0:00:41
 Epoch: 287, lr: 8.0e-06, train_loss: 0.7237, train_acc: 0.8576 test_loss: 0.5247, test_acc: 0.8460, best: 0.8512, time: 0:00:45
 Epoch: 288, lr: 8.0e-06, train_loss: 0.7111, train_acc: 0.8576 test_loss: 0.5551, test_acc: 0.8400, best: 0.8512, time: 0:00:42
 Epoch: 289, lr: 8.0e-06, train_loss: 0.7310, train_acc: 0.8680 test_loss: 0.5483, test_acc: 0.8435, best: 0.8512, time: 0:00:46
 Epoch: 290, lr: 8.0e-06, train_loss: 0.7702, train_acc: 0.8544 test_loss: 0.5380, test_acc: 0.8444, best: 0.8512, time: 0:00:43
 Epoch: 291, lr: 8.0e-06, train_loss: 0.7482, train_acc: 0.8482 test_loss: 0.5786, test_acc: 0.8456, best: 0.8512, time: 0:00:40
 Epoch: 292, lr: 8.0e-06, train_loss: 0.7490, train_acc: 0.8500 test_loss: 0.5453, test_acc: 0.8481, best: 0.8512, time: 0:00:42
 Epoch: 293, lr: 8.0e-06, train_loss: 0.7422, train_acc: 0.8548 test_loss: 0.5448, test_acc: 0.8478, best: 0.8512, time: 0:00:39
 Epoch: 294, lr: 8.0e-06, train_loss: 0.7520, train_acc: 0.8592 test_loss: 0.5736, test_acc: 0.8404, best: 0.8512, time: 0:00:45
 Epoch: 295, lr: 8.0e-06, train_loss: 0.7333, train_acc: 0.8594 test_loss: 0.5801, test_acc: 0.8387, best: 0.8512, time: 0:00:42
 Epoch: 296, lr: 8.0e-06, train_loss: 0.7338, train_acc: 0.8592 test_loss: 0.5571, test_acc: 0.8431, best: 0.8512, time: 0:00:47
 Epoch: 297, lr: 8.0e-06, train_loss: 0.7869, train_acc: 0.8408 test_loss: 0.5294, test_acc: 0.8426, best: 0.8512, time: 0:00:44
 Epoch: 298, lr: 8.0e-06, train_loss: 0.7296, train_acc: 0.8560 test_loss: 0.6029, test_acc: 0.8406, best: 0.8512, time: 0:00:44
 Epoch: 299, lr: 8.0e-06, train_loss: 0.7388, train_acc: 0.8538 test_loss: 0.5646, test_acc: 0.8452, best: 0.8512, time: 0:00:42
 Epoch: 300, lr: 8.0e-06, train_loss: 0.7221, train_acc: 0.8588 test_loss: 0.5239, test_acc: 0.8470, best: 0.8512, time: 0:00:42
 Highest accuracy: 0.8512